2019-05-07 15:40:04,037 INFO 5868 [Timer] E:\workspace\demo\demo02\node_modules\egg-logrotator\app\schedule\clean_log.js next time will execute after 29995983ms at 2019-05-08 00:00:00.020
2019-05-07 15:40:04,038 INFO 5868 [Timer] E:\workspace\demo\demo02\node_modules\egg-logrotator\app\schedule\rotate_by_file.js next time will execute after 29996963ms at 2019-05-08 00:00:01.001
2019-05-07 15:40:03,650 INFO 18580 [egg-schedule]: register schedule E:\workspace\demo\demo02\node_modules\egg-logrotator\app\schedule\clean_log.js
2019-05-07 15:40:03,650 INFO 18580 [egg-schedule]: register schedule E:\workspace\demo\demo02\node_modules\egg-logrotator\app\schedule\rotate_by_file.js
2019-05-07 15:49:59,618 INFO 21468 [Timer] E:\workspace\demo\demo02\node_modules\egg-logrotator\app\schedule\clean_log.js next time will execute after 29400383ms at 2019-05-08 00:00:00.001
2019-05-07 15:49:59,618 INFO 21468 [Timer] E:\workspace\demo\demo02\node_modules\egg-logrotator\app\schedule\rotate_by_file.js next time will execute after 29401382ms at 2019-05-08 00:00:01.000
2019-05-07 15:49:59,522 INFO 17652 [egg-schedule]: register schedule E:\workspace\demo\demo02\node_modules\egg-logrotator\app\schedule\clean_log.js
2019-05-07 15:49:59,522 INFO 17652 [egg-schedule]: register schedule E:\workspace\demo\demo02\node_modules\egg-logrotator\app\schedule\rotate_by_file.js
2019-05-07 16:24:14,327 INFO 21060 [egg-schedule]: register schedule E:\workspace\demo\demo02\node_modules\egg-logrotator\app\schedule\clean_log.js
2019-05-07 16:24:14,327 INFO 21060 [egg-schedule]: register schedule E:\workspace\demo\demo02\node_modules\egg-logrotator\app\schedule\rotate_by_file.js
2019-05-07 16:24:14,948 INFO 16516 [Timer] E:\workspace\demo\demo02\node_modules\egg-logrotator\app\schedule\clean_log.js next time will execute after 27345054ms at 2019-05-08 00:00:00.002
2019-05-07 16:24:14,949 INFO 16516 [Timer] E:\workspace\demo\demo02\node_modules\egg-logrotator\app\schedule\rotate_by_file.js next time will execute after 27346052ms at 2019-05-08 00:00:01.001
2019-05-07 16:52:37,562 INFO 7484 [egg-schedule]: register schedule E:\workspace\demo\demo02\node_modules\egg-logrotator\app\schedule\clean_log.js
2019-05-07 16:52:37,562 INFO 7484 [egg-schedule]: register schedule E:\workspace\demo\demo02\node_modules\egg-logrotator\app\schedule\rotate_by_file.js
2019-05-07 16:52:43,557 INFO 16252 [Timer] E:\workspace\demo\demo02\node_modules\egg-logrotator\app\schedule\clean_log.js next time will execute after 25636444ms at 2019-05-08 00:00:00.001
2019-05-07 16:52:43,558 INFO 16252 [Timer] E:\workspace\demo\demo02\node_modules\egg-logrotator\app\schedule\rotate_by_file.js next time will execute after 25637443ms at 2019-05-08 00:00:01.001
2019-05-07 16:59:06,441 INFO 16504 [egg-schedule]: register schedule E:\workspace\demo\demo02\node_modules\egg-logrotator\app\schedule\clean_log.js
2019-05-07 16:59:06,442 INFO 16504 [egg-schedule]: register schedule E:\workspace\demo\demo02\node_modules\egg-logrotator\app\schedule\rotate_by_file.js
2019-05-07 16:59:43,486 INFO 11200 [egg-schedule]: register schedule E:\workspace\demo\demo02\node_modules\egg-logrotator\app\schedule\clean_log.js
2019-05-07 16:59:43,486 INFO 11200 [egg-schedule]: register schedule E:\workspace\demo\demo02\node_modules\egg-logrotator\app\schedule\rotate_by_file.js
2019-05-07 16:59:43,851 INFO 10768 [Timer] E:\workspace\demo\demo02\node_modules\egg-logrotator\app\schedule\clean_log.js next time will execute after 25216151ms at 2019-05-08 00:00:00.002
2019-05-07 16:59:43,851 INFO 10768 [Timer] E:\workspace\demo\demo02\node_modules\egg-logrotator\app\schedule\rotate_by_file.js next time will execute after 25217149ms at 2019-05-08 00:00:01.000
2019-05-07 17:04:26,762 INFO 17052 [egg-schedule]: register schedule E:\workspace\demo\demo02\node_modules\egg-logrotator\app\schedule\clean_log.js
2019-05-07 17:04:26,762 INFO 17052 [egg-schedule]: register schedule E:\workspace\demo\demo02\node_modules\egg-logrotator\app\schedule\rotate_by_file.js
2019-05-07 17:12:09,873 INFO 12876 [egg-schedule]: register schedule E:\workspace\demo\demo02\node_modules\egg-logrotator\app\schedule\clean_log.js
2019-05-07 17:12:09,873 INFO 12876 [egg-schedule]: register schedule E:\workspace\demo\demo02\node_modules\egg-logrotator\app\schedule\rotate_by_file.js
2019-05-07 17:12:22,106 INFO 7992 [egg-schedule]: register schedule E:\workspace\demo\demo02\node_modules\egg-logrotator\app\schedule\clean_log.js
2019-05-07 17:12:22,106 INFO 7992 [egg-schedule]: register schedule E:\workspace\demo\demo02\node_modules\egg-logrotator\app\schedule\rotate_by_file.js
2019-05-07 17:12:22,491 INFO 22128 [Timer] E:\workspace\demo\demo02\node_modules\egg-logrotator\app\schedule\clean_log.js next time will execute after 24457511ms at 2019-05-08 00:00:00.002
2019-05-07 17:12:22,491 INFO 22128 [Timer] E:\workspace\demo\demo02\node_modules\egg-logrotator\app\schedule\rotate_by_file.js next time will execute after 24458509ms at 2019-05-08 00:00:01.000
2019-05-07 17:15:16,834 INFO 1844 [egg-schedule]: register schedule E:\workspace\demo\demo02\node_modules\egg-logrotator\app\schedule\clean_log.js
2019-05-07 17:15:16,834 INFO 1844 [egg-schedule]: register schedule E:\workspace\demo\demo02\node_modules\egg-logrotator\app\schedule\rotate_by_file.js
2019-05-07 17:16:05,219 INFO 22304 [egg-schedule]: register schedule E:\workspace\demo\demo02\node_modules\egg-logrotator\app\schedule\clean_log.js
2019-05-07 17:16:05,219 INFO 22304 [egg-schedule]: register schedule E:\workspace\demo\demo02\node_modules\egg-logrotator\app\schedule\rotate_by_file.js
2019-05-07 17:16:45,203 INFO 15892 [egg-schedule]: register schedule E:\workspace\demo\demo02\node_modules\egg-logrotator\app\schedule\clean_log.js
2019-05-07 17:16:45,203 INFO 15892 [egg-schedule]: register schedule E:\workspace\demo\demo02\node_modules\egg-logrotator\app\schedule\rotate_by_file.js
2019-05-07 17:17:31,316 INFO 6688 [egg-schedule]: register schedule E:\workspace\demo\demo02\node_modules\egg-logrotator\app\schedule\clean_log.js
2019-05-07 17:17:31,316 INFO 6688 [egg-schedule]: register schedule E:\workspace\demo\demo02\node_modules\egg-logrotator\app\schedule\rotate_by_file.js
2019-05-07 21:23:04,753 INFO 22176 [Timer] E:\workspace\demo\demo02\node_modules\egg-logrotator\app\schedule\clean_log.js next time will execute after 9415249ms at 2019-05-08 00:00:00.002
2019-05-07 21:23:04,753 INFO 22176 [Timer] E:\workspace\demo\demo02\node_modules\egg-logrotator\app\schedule\rotate_by_file.js next time will execute after 9416247ms at 2019-05-08 00:00:01.000
2019-05-07 21:23:04,334 INFO 15100 [egg-schedule]: register schedule E:\workspace\demo\demo02\node_modules\egg-logrotator\app\schedule\clean_log.js
2019-05-07 21:23:04,334 INFO 15100 [egg-schedule]: register schedule E:\workspace\demo\demo02\node_modules\egg-logrotator\app\schedule\rotate_by_file.js
2019-05-07 21:23:05,843 INFO 11656 [egg-schedule]: register schedule E:\workspace\demo\demo02\node_modules\egg-logrotator\app\schedule\clean_log.js
2019-05-07 21:23:05,843 INFO 11656 [egg-schedule]: register schedule E:\workspace\demo\demo02\node_modules\egg-logrotator\app\schedule\rotate_by_file.js
2019-05-07 21:29:10,173 INFO 20640 [egg-schedule]: register schedule E:\workspace\demo\demo02\node_modules\egg-logrotator\app\schedule\clean_log.js
2019-05-07 21:29:10,173 INFO 20640 [egg-schedule]: register schedule E:\workspace\demo\demo02\node_modules\egg-logrotator\app\schedule\rotate_by_file.js
2019-05-07 21:29:21,279 INFO 5976 [egg-schedule]: register schedule E:\workspace\demo\demo02\node_modules\egg-logrotator\app\schedule\clean_log.js
2019-05-07 21:29:21,279 INFO 5976 [egg-schedule]: register schedule E:\workspace\demo\demo02\node_modules\egg-logrotator\app\schedule\rotate_by_file.js
2019-05-07 21:29:21,678 INFO 22432 [Timer] E:\workspace\demo\demo02\node_modules\egg-logrotator\app\schedule\clean_log.js next time will execute after 9038323ms at 2019-05-08 00:00:00.001
2019-05-07 21:29:21,679 INFO 22432 [Timer] E:\workspace\demo\demo02\node_modules\egg-logrotator\app\schedule\rotate_by_file.js next time will execute after 9039322ms at 2019-05-08 00:00:01.001
2019-05-07 21:31:54,612 INFO 17808 [egg-schedule]: register schedule E:\workspace\demo\demo02\node_modules\egg-logrotator\app\schedule\clean_log.js
2019-05-07 21:31:54,612 INFO 17808 [egg-schedule]: register schedule E:\workspace\demo\demo02\node_modules\egg-logrotator\app\schedule\rotate_by_file.js
2019-05-07 21:34:01,456 INFO 6884 [egg-schedule]: register schedule E:\workspace\demo\demo02\node_modules\egg-logrotator\app\schedule\clean_log.js
2019-05-07 21:34:01,456 INFO 6884 [egg-schedule]: register schedule E:\workspace\demo\demo02\node_modules\egg-logrotator\app\schedule\rotate_by_file.js
2019-05-07 21:34:37,221 INFO 2344 [Timer] E:\workspace\demo\demo02\node_modules\egg-logrotator\app\schedule\clean_log.js next time will execute after 8722781ms at 2019-05-08 00:00:00.002
2019-05-07 21:34:37,221 INFO 2344 [Timer] E:\workspace\demo\demo02\node_modules\egg-logrotator\app\schedule\rotate_by_file.js next time will execute after 8723779ms at 2019-05-08 00:00:01.000
2019-05-07 21:34:36,837 INFO 17232 [egg-schedule]: register schedule E:\workspace\demo\demo02\node_modules\egg-logrotator\app\schedule\clean_log.js
2019-05-07 21:34:36,837 INFO 17232 [egg-schedule]: register schedule E:\workspace\demo\demo02\node_modules\egg-logrotator\app\schedule\rotate_by_file.js
2019-05-07 21:52:49,716 INFO 18704 [egg-schedule]: register schedule E:\workspace\demo\demo02\node_modules\egg-logrotator\app\schedule\clean_log.js
2019-05-07 21:52:49,716 INFO 18704 [egg-schedule]: register schedule E:\workspace\demo\demo02\node_modules\egg-logrotator\app\schedule\rotate_by_file.js
2019-05-07 21:53:35,868 INFO 2308 [egg-schedule]: register schedule E:\workspace\demo\demo02\node_modules\egg-logrotator\app\schedule\clean_log.js
2019-05-07 21:53:35,868 INFO 2308 [egg-schedule]: register schedule E:\workspace\demo\demo02\node_modules\egg-logrotator\app\schedule\rotate_by_file.js
2019-05-07 21:55:21,311 INFO 14224 [egg-schedule]: register schedule E:\workspace\demo\demo02\node_modules\egg-logrotator\app\schedule\clean_log.js
2019-05-07 21:55:21,311 INFO 14224 [egg-schedule]: register schedule E:\workspace\demo\demo02\node_modules\egg-logrotator\app\schedule\rotate_by_file.js
2019-05-07 21:59:14,425 INFO 14384 [egg-schedule]: register schedule E:\workspace\demo\demo02\node_modules\egg-logrotator\app\schedule\clean_log.js
2019-05-07 21:59:14,425 INFO 14384 [egg-schedule]: register schedule E:\workspace\demo\demo02\node_modules\egg-logrotator\app\schedule\rotate_by_file.js
2019-05-08 10:18:51,760 INFO 9220 [egg-schedule]: register schedule E:\workspace\demo\demo02\node_modules\egg-logrotator\app\schedule\clean_log.js
2019-05-08 10:18:51,760 INFO 9220 [egg-schedule]: register schedule E:\workspace\demo\demo02\node_modules\egg-logrotator\app\schedule\rotate_by_file.js
2019-05-08 10:21:34,117 INFO 7764 [egg-schedule]: register schedule E:\workspace\demo\demo02\node_modules\egg-logrotator\app\schedule\clean_log.js
2019-05-08 10:21:34,117 INFO 7764 [egg-schedule]: register schedule E:\workspace\demo\demo02\node_modules\egg-logrotator\app\schedule\rotate_by_file.js
2019-05-08 10:21:34,491 INFO 8612 [Timer] E:\workspace\demo\demo02\node_modules\egg-logrotator\app\schedule\clean_log.js next time will execute after 49105510ms at 2019-05-09 00:00:00.001
2019-05-08 10:21:34,492 INFO 8612 [Timer] E:\workspace\demo\demo02\node_modules\egg-logrotator\app\schedule\rotate_by_file.js next time will execute after 49106509ms at 2019-05-09 00:00:01.001
2019-05-08 10:23:34,976 INFO 2364 [egg-schedule]: register schedule E:\workspace\demo\demo02\node_modules\egg-logrotator\app\schedule\clean_log.js
2019-05-08 10:23:34,976 INFO 2364 [egg-schedule]: register schedule E:\workspace\demo\demo02\node_modules\egg-logrotator\app\schedule\rotate_by_file.js
2019-05-08 10:23:40,994 INFO 13228 [egg-schedule]: register schedule E:\workspace\demo\demo02\node_modules\egg-logrotator\app\schedule\clean_log.js
2019-05-08 10:23:40,994 INFO 13228 [egg-schedule]: register schedule E:\workspace\demo\demo02\node_modules\egg-logrotator\app\schedule\rotate_by_file.js
2019-05-08 10:23:44,715 INFO 14060 [egg-schedule]: register schedule E:\workspace\demo\demo02\node_modules\egg-logrotator\app\schedule\clean_log.js
2019-05-08 10:23:44,715 INFO 14060 [egg-schedule]: register schedule E:\workspace\demo\demo02\node_modules\egg-logrotator\app\schedule\rotate_by_file.js
2019-05-08 10:25:26,230 INFO 14108 [egg-schedule]: register schedule E:\workspace\demo\demo02\node_modules\egg-logrotator\app\schedule\clean_log.js
2019-05-08 10:25:26,230 INFO 14108 [egg-schedule]: register schedule E:\workspace\demo\demo02\node_modules\egg-logrotator\app\schedule\rotate_by_file.js
2019-05-08 10:25:50,543 INFO 9408 [egg-schedule]: register schedule E:\workspace\demo\demo02\node_modules\egg-logrotator\app\schedule\clean_log.js
2019-05-08 10:25:50,543 INFO 9408 [egg-schedule]: register schedule E:\workspace\demo\demo02\node_modules\egg-logrotator\app\schedule\rotate_by_file.js
2019-05-08 10:28:38,300 INFO 2712 [egg-schedule]: register schedule E:\workspace\demo\demo02\node_modules\egg-logrotator\app\schedule\clean_log.js
2019-05-08 10:28:38,300 INFO 2712 [egg-schedule]: register schedule E:\workspace\demo\demo02\node_modules\egg-logrotator\app\schedule\rotate_by_file.js
2019-05-08 10:30:05,651 INFO 13300 [egg-schedule]: register schedule E:\workspace\demo\demo02\node_modules\egg-logrotator\app\schedule\clean_log.js
2019-05-08 10:30:05,651 INFO 13300 [egg-schedule]: register schedule E:\workspace\demo\demo02\node_modules\egg-logrotator\app\schedule\rotate_by_file.js
2019-05-08 10:31:02,483 INFO 6664 [egg-schedule]: register schedule E:\workspace\demo\demo02\node_modules\egg-logrotator\app\schedule\clean_log.js
2019-05-08 10:31:02,483 INFO 6664 [egg-schedule]: register schedule E:\workspace\demo\demo02\node_modules\egg-logrotator\app\schedule\rotate_by_file.js
2019-05-08 10:32:05,351 INFO 7124 [egg-schedule]: register schedule E:\workspace\demo\demo02\node_modules\egg-logrotator\app\schedule\clean_log.js
2019-05-08 10:32:05,351 INFO 7124 [egg-schedule]: register schedule E:\workspace\demo\demo02\node_modules\egg-logrotator\app\schedule\rotate_by_file.js
2019-05-08 10:32:36,934 INFO 1552 [egg-schedule]: register schedule E:\workspace\demo\demo02\node_modules\egg-logrotator\app\schedule\clean_log.js
2019-05-08 10:32:36,934 INFO 1552 [egg-schedule]: register schedule E:\workspace\demo\demo02\node_modules\egg-logrotator\app\schedule\rotate_by_file.js
2019-05-08 10:34:03,662 INFO 6120 [egg-schedule]: register schedule E:\workspace\demo\demo02\node_modules\egg-logrotator\app\schedule\clean_log.js
2019-05-08 10:34:03,662 INFO 6120 [egg-schedule]: register schedule E:\workspace\demo\demo02\node_modules\egg-logrotator\app\schedule\rotate_by_file.js
2019-05-08 10:34:35,300 INFO 6456 [egg-schedule]: register schedule E:\workspace\demo\demo02\node_modules\egg-logrotator\app\schedule\clean_log.js
2019-05-08 10:34:35,300 INFO 6456 [egg-schedule]: register schedule E:\workspace\demo\demo02\node_modules\egg-logrotator\app\schedule\rotate_by_file.js
2019-05-08 10:35:58,682 INFO 14180 [egg-schedule]: register schedule E:\workspace\demo\demo02\node_modules\egg-logrotator\app\schedule\clean_log.js
2019-05-08 10:35:58,682 INFO 14180 [egg-schedule]: register schedule E:\workspace\demo\demo02\node_modules\egg-logrotator\app\schedule\rotate_by_file.js
2019-05-08 10:44:04,265 INFO 4800 [egg-schedule]: register schedule E:\workspace\demo\demo02\node_modules\egg-logrotator\app\schedule\clean_log.js
2019-05-08 10:44:04,265 INFO 4800 [egg-schedule]: register schedule E:\workspace\demo\demo02\node_modules\egg-logrotator\app\schedule\rotate_by_file.js
2019-05-08 10:45:55,606 INFO 8920 [egg-schedule]: register schedule E:\workspace\demo\demo02\node_modules\egg-logrotator\app\schedule\clean_log.js
2019-05-08 10:45:55,606 INFO 8920 [egg-schedule]: register schedule E:\workspace\demo\demo02\node_modules\egg-logrotator\app\schedule\rotate_by_file.js
2019-05-08 10:47:04,641 INFO 7104 [egg-schedule]: register schedule E:\workspace\demo\demo02\node_modules\egg-logrotator\app\schedule\clean_log.js
2019-05-08 10:47:04,641 INFO 7104 [egg-schedule]: register schedule E:\workspace\demo\demo02\node_modules\egg-logrotator\app\schedule\rotate_by_file.js
2019-05-08 10:48:11,688 INFO 9708 [egg-schedule]: register schedule E:\workspace\demo\demo02\node_modules\egg-logrotator\app\schedule\clean_log.js
2019-05-08 10:48:11,688 INFO 9708 [egg-schedule]: register schedule E:\workspace\demo\demo02\node_modules\egg-logrotator\app\schedule\rotate_by_file.js
2019-05-08 10:49:51,958 INFO 13592 [egg-schedule]: register schedule E:\workspace\demo\demo02\node_modules\egg-logrotator\app\schedule\clean_log.js
2019-05-08 10:49:51,958 INFO 13592 [egg-schedule]: register schedule E:\workspace\demo\demo02\node_modules\egg-logrotator\app\schedule\rotate_by_file.js
2019-05-08 10:50:41,330 INFO 5984 [egg-schedule]: register schedule E:\workspace\demo\demo02\node_modules\egg-logrotator\app\schedule\clean_log.js
2019-05-08 10:50:41,330 INFO 5984 [egg-schedule]: register schedule E:\workspace\demo\demo02\node_modules\egg-logrotator\app\schedule\rotate_by_file.js
2019-05-08 10:51:34,240 INFO 8216 [egg-schedule]: register schedule E:\workspace\demo\demo02\node_modules\egg-logrotator\app\schedule\clean_log.js
2019-05-08 10:51:34,240 INFO 8216 [egg-schedule]: register schedule E:\workspace\demo\demo02\node_modules\egg-logrotator\app\schedule\rotate_by_file.js
2019-05-08 10:52:09,477 INFO 13972 [egg-schedule]: register schedule E:\workspace\demo\demo02\node_modules\egg-logrotator\app\schedule\clean_log.js
2019-05-08 10:52:09,477 INFO 13972 [egg-schedule]: register schedule E:\workspace\demo\demo02\node_modules\egg-logrotator\app\schedule\rotate_by_file.js
2019-05-08 10:55:47,120 INFO 8848 [egg-schedule]: register schedule E:\workspace\demo\demo02\node_modules\egg-logrotator\app\schedule\clean_log.js
2019-05-08 10:55:47,120 INFO 8848 [egg-schedule]: register schedule E:\workspace\demo\demo02\node_modules\egg-logrotator\app\schedule\rotate_by_file.js
2019-05-08 10:55:57,498 INFO 12556 [egg-schedule]: register schedule E:\workspace\demo\demo02\node_modules\egg-logrotator\app\schedule\clean_log.js
2019-05-08 10:55:57,498 INFO 12556 [egg-schedule]: register schedule E:\workspace\demo\demo02\node_modules\egg-logrotator\app\schedule\rotate_by_file.js
2019-05-08 10:57:22,085 INFO 13764 [egg-schedule]: register schedule E:\workspace\demo\demo02\node_modules\egg-logrotator\app\schedule\clean_log.js
2019-05-08 10:57:22,085 INFO 13764 [egg-schedule]: register schedule E:\workspace\demo\demo02\node_modules\egg-logrotator\app\schedule\rotate_by_file.js
2019-05-08 10:57:23,641 INFO 4616 [egg-schedule]: register schedule E:\workspace\demo\demo02\node_modules\egg-logrotator\app\schedule\clean_log.js
2019-05-08 10:57:23,641 INFO 4616 [egg-schedule]: register schedule E:\workspace\demo\demo02\node_modules\egg-logrotator\app\schedule\rotate_by_file.js
2019-05-08 10:59:10,808 INFO 12588 [egg-schedule]: register schedule E:\workspace\demo\demo02\node_modules\egg-logrotator\app\schedule\clean_log.js
2019-05-08 10:59:10,808 INFO 12588 [egg-schedule]: register schedule E:\workspace\demo\demo02\node_modules\egg-logrotator\app\schedule\rotate_by_file.js
2019-05-08 11:00:44,102 INFO 5404 [egg-schedule]: register schedule E:\workspace\demo\demo02\node_modules\egg-logrotator\app\schedule\clean_log.js
2019-05-08 11:00:44,102 INFO 5404 [egg-schedule]: register schedule E:\workspace\demo\demo02\node_modules\egg-logrotator\app\schedule\rotate_by_file.js
2019-05-08 11:04:34,691 INFO 13092 [egg-schedule]: register schedule E:\workspace\demo\demo02\node_modules\egg-logrotator\app\schedule\clean_log.js
2019-05-08 11:04:34,691 INFO 13092 [egg-schedule]: register schedule E:\workspace\demo\demo02\node_modules\egg-logrotator\app\schedule\rotate_by_file.js
2019-05-08 11:29:41,298 INFO 5152 [egg-schedule]: register schedule E:\workspace\demo\demo02\node_modules\egg-logrotator\app\schedule\clean_log.js
2019-05-08 11:29:41,299 INFO 5152 [egg-schedule]: register schedule E:\workspace\demo\demo02\node_modules\egg-logrotator\app\schedule\rotate_by_file.js
2019-05-08 14:20:26,166 INFO 18348 [egg-schedule]: register schedule E:\workspace\demo\demo02\node_modules\egg-logrotator\app\schedule\clean_log.js
2019-05-08 14:20:26,166 INFO 18348 [egg-schedule]: register schedule E:\workspace\demo\demo02\node_modules\egg-logrotator\app\schedule\rotate_by_file.js
2019-05-08 14:20:26,567 INFO 17040 [Timer] E:\workspace\demo\demo02\node_modules\egg-logrotator\app\schedule\clean_log.js next time will execute after 34773435ms at 2019-05-09 00:00:00.002
2019-05-08 14:20:26,567 INFO 17040 [Timer] E:\workspace\demo\demo02\node_modules\egg-logrotator\app\schedule\rotate_by_file.js next time will execute after 34774433ms at 2019-05-09 00:00:01.000
2019-05-08 14:26:24,228 INFO 17368 [egg-schedule]: register schedule E:\workspace\demo\demo02\node_modules\egg-logrotator\app\schedule\clean_log.js
2019-05-08 14:26:24,228 INFO 17368 [egg-schedule]: register schedule E:\workspace\demo\demo02\node_modules\egg-logrotator\app\schedule\rotate_by_file.js
2019-05-08 14:26:33,332 INFO 16776 [egg-schedule]: register schedule E:\workspace\demo\demo02\node_modules\egg-logrotator\app\schedule\clean_log.js
2019-05-08 14:26:33,332 INFO 16776 [egg-schedule]: register schedule E:\workspace\demo\demo02\node_modules\egg-logrotator\app\schedule\rotate_by_file.js
2019-05-08 14:26:35,886 INFO 2616 [egg-schedule]: register schedule E:\workspace\demo\demo02\node_modules\egg-logrotator\app\schedule\clean_log.js
2019-05-08 14:26:35,886 INFO 2616 [egg-schedule]: register schedule E:\workspace\demo\demo02\node_modules\egg-logrotator\app\schedule\rotate_by_file.js
2019-05-08 14:27:45,511 INFO 14628 [egg-schedule]: register schedule E:\workspace\demo\demo02\node_modules\egg-logrotator\app\schedule\clean_log.js
2019-05-08 14:27:45,511 INFO 14628 [egg-schedule]: register schedule E:\workspace\demo\demo02\node_modules\egg-logrotator\app\schedule\rotate_by_file.js
2019-05-08 14:35:19,941 INFO 11284 [egg-schedule]: register schedule E:\workspace\demo\demo02\node_modules\egg-logrotator\app\schedule\clean_log.js
2019-05-08 14:35:19,941 INFO 11284 [egg-schedule]: register schedule E:\workspace\demo\demo02\node_modules\egg-logrotator\app\schedule\rotate_by_file.js
2019-05-08 14:35:20,317 INFO 18000 [Timer] E:\workspace\demo\demo02\node_modules\egg-logrotator\app\schedule\clean_log.js next time will execute after 33879685ms at 2019-05-09 00:00:00.002
2019-05-08 14:35:20,317 INFO 18000 [Timer] E:\workspace\demo\demo02\node_modules\egg-logrotator\app\schedule\rotate_by_file.js next time will execute after 33880683ms at 2019-05-09 00:00:01.000
2019-05-08 14:36:40,034 INFO 3096 [egg-schedule]: register schedule E:\workspace\demo\demo02\node_modules\egg-logrotator\app\schedule\clean_log.js
2019-05-08 14:36:40,034 INFO 3096 [egg-schedule]: register schedule E:\workspace\demo\demo02\node_modules\egg-logrotator\app\schedule\rotate_by_file.js
2019-05-08 14:43:37,485 INFO 14084 [egg-schedule]: register schedule E:\workspace\demo\demo02\node_modules\egg-logrotator\app\schedule\clean_log.js
2019-05-08 14:43:37,485 INFO 14084 [egg-schedule]: register schedule E:\workspace\demo\demo02\node_modules\egg-logrotator\app\schedule\rotate_by_file.js
2019-05-08 14:44:40,796 INFO 2692 [egg-schedule]: register schedule E:\workspace\demo\demo02\node_modules\egg-logrotator\app\schedule\clean_log.js
2019-05-08 14:44:40,796 INFO 2692 [egg-schedule]: register schedule E:\workspace\demo\demo02\node_modules\egg-logrotator\app\schedule\rotate_by_file.js
2019-05-08 14:45:11,975 INFO 14820 [egg-schedule]: register schedule E:\workspace\demo\demo02\node_modules\egg-logrotator\app\schedule\clean_log.js
2019-05-08 14:45:11,975 INFO 14820 [egg-schedule]: register schedule E:\workspace\demo\demo02\node_modules\egg-logrotator\app\schedule\rotate_by_file.js
2019-05-08 14:49:58,491 INFO 16560 [egg-schedule]: register schedule E:\workspace\demo\demo02\node_modules\egg-logrotator\app\schedule\clean_log.js
2019-05-08 14:49:58,491 INFO 16560 [egg-schedule]: register schedule E:\workspace\demo\demo02\node_modules\egg-logrotator\app\schedule\rotate_by_file.js
2019-05-08 14:50:37,538 INFO 17164 [egg-schedule]: register schedule E:\workspace\demo\demo02\node_modules\egg-logrotator\app\schedule\clean_log.js
2019-05-08 14:50:37,538 INFO 17164 [egg-schedule]: register schedule E:\workspace\demo\demo02\node_modules\egg-logrotator\app\schedule\rotate_by_file.js
2019-05-08 14:51:02,468 INFO 3792 [egg-schedule]: register schedule E:\workspace\demo\demo02\node_modules\egg-logrotator\app\schedule\clean_log.js
2019-05-08 14:51:02,468 INFO 3792 [egg-schedule]: register schedule E:\workspace\demo\demo02\node_modules\egg-logrotator\app\schedule\rotate_by_file.js
2019-05-08 14:52:15,115 INFO 16612 [egg-schedule]: register schedule E:\workspace\demo\demo02\node_modules\egg-logrotator\app\schedule\clean_log.js
2019-05-08 14:52:15,115 INFO 16612 [egg-schedule]: register schedule E:\workspace\demo\demo02\node_modules\egg-logrotator\app\schedule\rotate_by_file.js
2019-05-08 14:52:35,829 INFO 5836 [egg-schedule]: register schedule E:\workspace\demo\demo02\node_modules\egg-logrotator\app\schedule\clean_log.js
2019-05-08 14:52:35,829 INFO 5836 [egg-schedule]: register schedule E:\workspace\demo\demo02\node_modules\egg-logrotator\app\schedule\rotate_by_file.js
2019-05-08 14:54:35,417 INFO 14176 [egg-schedule]: register schedule E:\workspace\demo\demo02\node_modules\egg-logrotator\app\schedule\clean_log.js
2019-05-08 14:54:35,417 INFO 14176 [egg-schedule]: register schedule E:\workspace\demo\demo02\node_modules\egg-logrotator\app\schedule\rotate_by_file.js
2019-05-08 15:04:34,524 INFO 3792 [egg-schedule]: register schedule E:\workspace\demo\demo02\node_modules\egg-logrotator\app\schedule\clean_log.js
2019-05-08 15:04:34,524 INFO 3792 [egg-schedule]: register schedule E:\workspace\demo\demo02\node_modules\egg-logrotator\app\schedule\rotate_by_file.js
2019-05-08 15:06:14,465 INFO 17720 [egg-schedule]: register schedule E:\workspace\demo\demo02\node_modules\egg-logrotator\app\schedule\clean_log.js
2019-05-08 15:06:14,465 INFO 17720 [egg-schedule]: register schedule E:\workspace\demo\demo02\node_modules\egg-logrotator\app\schedule\rotate_by_file.js
2019-05-08 15:09:36,828 INFO 16868 [egg-schedule]: register schedule E:\workspace\demo\demo02\node_modules\egg-logrotator\app\schedule\clean_log.js
2019-05-08 15:09:36,828 INFO 16868 [egg-schedule]: register schedule E:\workspace\demo\demo02\node_modules\egg-logrotator\app\schedule\rotate_by_file.js
2019-05-08 15:12:31,484 INFO 18028 [egg-schedule]: register schedule E:\workspace\demo\demo02\node_modules\egg-logrotator\app\schedule\clean_log.js
2019-05-08 15:12:31,484 INFO 18028 [egg-schedule]: register schedule E:\workspace\demo\demo02\node_modules\egg-logrotator\app\schedule\rotate_by_file.js
2019-05-08 15:12:41,257 INFO 12076 [egg-schedule]: register schedule E:\workspace\demo\demo02\node_modules\egg-logrotator\app\schedule\clean_log.js
2019-05-08 15:12:41,257 INFO 12076 [egg-schedule]: register schedule E:\workspace\demo\demo02\node_modules\egg-logrotator\app\schedule\rotate_by_file.js
2019-05-08 15:17:58,864 INFO 2588 [egg-schedule]: register schedule E:\workspace\demo\demo02\node_modules\egg-logrotator\app\schedule\clean_log.js
2019-05-08 15:17:58,864 INFO 2588 [egg-schedule]: register schedule E:\workspace\demo\demo02\node_modules\egg-logrotator\app\schedule\rotate_by_file.js
2019-05-08 15:18:00,338 INFO 2332 [egg-schedule]: register schedule E:\workspace\demo\demo02\node_modules\egg-logrotator\app\schedule\clean_log.js
2019-05-08 15:18:00,338 INFO 2332 [egg-schedule]: register schedule E:\workspace\demo\demo02\node_modules\egg-logrotator\app\schedule\rotate_by_file.js
2019-05-08 15:20:38,262 INFO 17516 [egg-schedule]: register schedule E:\workspace\demo\demo02\node_modules\egg-logrotator\app\schedule\clean_log.js
2019-05-08 15:20:38,262 INFO 17516 [egg-schedule]: register schedule E:\workspace\demo\demo02\node_modules\egg-logrotator\app\schedule\rotate_by_file.js
2019-05-08 15:20:39,756 INFO 4992 [egg-schedule]: register schedule E:\workspace\demo\demo02\node_modules\egg-logrotator\app\schedule\clean_log.js
2019-05-08 15:20:39,756 INFO 4992 [egg-schedule]: register schedule E:\workspace\demo\demo02\node_modules\egg-logrotator\app\schedule\rotate_by_file.js
2019-05-08 15:28:26,769 INFO 17836 [egg-schedule]: register schedule E:\workspace\demo\demo02\node_modules\egg-logrotator\app\schedule\clean_log.js
2019-05-08 15:28:26,769 INFO 17836 [egg-schedule]: register schedule E:\workspace\demo\demo02\node_modules\egg-logrotator\app\schedule\rotate_by_file.js
2019-05-08 15:33:23,576 INFO 3852 [egg-schedule]: register schedule E:\workspace\demo\demo02\node_modules\egg-logrotator\app\schedule\clean_log.js
2019-05-08 15:33:23,576 INFO 3852 [egg-schedule]: register schedule E:\workspace\demo\demo02\node_modules\egg-logrotator\app\schedule\rotate_by_file.js
2019-05-08 15:57:20,611 INFO 18100 [egg-schedule]: register schedule E:\workspace\demo\demo02\node_modules\egg-logrotator\app\schedule\clean_log.js
2019-05-08 15:57:20,611 INFO 18100 [egg-schedule]: register schedule E:\workspace\demo\demo02\node_modules\egg-logrotator\app\schedule\rotate_by_file.js
2019-05-08 15:58:03,497 INFO 17116 [egg-schedule]: register schedule E:\workspace\demo\demo02\node_modules\egg-logrotator\app\schedule\clean_log.js
2019-05-08 15:58:03,497 INFO 17116 [egg-schedule]: register schedule E:\workspace\demo\demo02\node_modules\egg-logrotator\app\schedule\rotate_by_file.js
2019-05-08 16:16:43,507 INFO 19164 [egg-schedule]: register schedule E:\workspace\demo\demo02\node_modules\egg-logrotator\app\schedule\clean_log.js
2019-05-08 16:16:43,507 INFO 19164 [egg-schedule]: register schedule E:\workspace\demo\demo02\node_modules\egg-logrotator\app\schedule\rotate_by_file.js
2019-05-08 16:16:44,996 INFO 13092 [egg-schedule]: register schedule E:\workspace\demo\demo02\node_modules\egg-logrotator\app\schedule\clean_log.js
2019-05-08 16:16:44,996 INFO 13092 [egg-schedule]: register schedule E:\workspace\demo\demo02\node_modules\egg-logrotator\app\schedule\rotate_by_file.js
2019-05-08 16:21:23,513 INFO 18260 [egg-schedule]: register schedule E:\workspace\demo\demo02\node_modules\egg-logrotator\app\schedule\clean_log.js
2019-05-08 16:21:23,513 INFO 18260 [egg-schedule]: register schedule E:\workspace\demo\demo02\node_modules\egg-logrotator\app\schedule\rotate_by_file.js
2019-05-08 16:21:25,232 INFO 19232 [egg-schedule]: register schedule E:\workspace\demo\demo02\node_modules\egg-logrotator\app\schedule\clean_log.js
2019-05-08 16:21:25,232 INFO 19232 [egg-schedule]: register schedule E:\workspace\demo\demo02\node_modules\egg-logrotator\app\schedule\rotate_by_file.js
2019-05-08 16:26:02,881 INFO 12560 [egg-schedule]: register schedule E:\workspace\demo\demo02\node_modules\egg-logrotator\app\schedule\clean_log.js
2019-05-08 16:26:02,881 INFO 12560 [egg-schedule]: register schedule E:\workspace\demo\demo02\node_modules\egg-logrotator\app\schedule\rotate_by_file.js
2019-05-08 16:27:31,512 INFO 19040 [egg-schedule]: register schedule E:\workspace\demo\demo02\node_modules\egg-logrotator\app\schedule\clean_log.js
2019-05-08 16:27:31,512 INFO 19040 [egg-schedule]: register schedule E:\workspace\demo\demo02\node_modules\egg-logrotator\app\schedule\rotate_by_file.js
2019-05-08 16:29:01,580 INFO 4120 [egg-schedule]: register schedule E:\workspace\demo\demo02\node_modules\egg-logrotator\app\schedule\clean_log.js
2019-05-08 16:29:01,580 INFO 4120 [egg-schedule]: register schedule E:\workspace\demo\demo02\node_modules\egg-logrotator\app\schedule\rotate_by_file.js
2019-05-08 16:36:33,553 INFO 18412 [egg-schedule]: register schedule E:\workspace\demo\demo02\node_modules\egg-logrotator\app\schedule\clean_log.js
2019-05-08 16:36:33,554 INFO 18412 [egg-schedule]: register schedule E:\workspace\demo\demo02\node_modules\egg-logrotator\app\schedule\rotate_by_file.js
2019-05-08 16:38:52,268 INFO 14040 [egg-schedule]: register schedule E:\workspace\demo\demo02\node_modules\egg-logrotator\app\schedule\clean_log.js
2019-05-08 16:38:52,268 INFO 14040 [egg-schedule]: register schedule E:\workspace\demo\demo02\node_modules\egg-logrotator\app\schedule\rotate_by_file.js
2019-05-08 16:41:55,404 INFO 13728 [egg-schedule]: register schedule E:\workspace\demo\demo02\node_modules\egg-logrotator\app\schedule\clean_log.js
2019-05-08 16:41:55,404 INFO 13728 [egg-schedule]: register schedule E:\workspace\demo\demo02\node_modules\egg-logrotator\app\schedule\rotate_by_file.js
2019-05-08 16:42:05,519 INFO 2612 [egg-schedule]: register schedule E:\workspace\demo\demo02\node_modules\egg-logrotator\app\schedule\clean_log.js
2019-05-08 16:42:05,519 INFO 2612 [egg-schedule]: register schedule E:\workspace\demo\demo02\node_modules\egg-logrotator\app\schedule\rotate_by_file.js
2019-05-08 16:43:24,997 INFO 8148 [egg-schedule]: register schedule E:\workspace\demo\demo02\node_modules\egg-logrotator\app\schedule\clean_log.js
2019-05-08 16:43:24,997 INFO 8148 [egg-schedule]: register schedule E:\workspace\demo\demo02\node_modules\egg-logrotator\app\schedule\rotate_by_file.js
2019-05-08 16:51:52,262 INFO 556 [egg-schedule]: register schedule E:\workspace\demo\demo02\node_modules\egg-logrotator\app\schedule\clean_log.js
2019-05-08 16:51:52,262 INFO 556 [egg-schedule]: register schedule E:\workspace\demo\demo02\node_modules\egg-logrotator\app\schedule\rotate_by_file.js
2019-05-08 16:52:16,726 INFO 7324 [egg-schedule]: register schedule E:\workspace\demo\demo02\node_modules\egg-logrotator\app\schedule\clean_log.js
2019-05-08 16:52:16,726 INFO 7324 [egg-schedule]: register schedule E:\workspace\demo\demo02\node_modules\egg-logrotator\app\schedule\rotate_by_file.js
2019-05-08 17:09:21,607 INFO 13204 [egg-schedule]: register schedule E:\workspace\demo\demo02\node_modules\egg-logrotator\app\schedule\clean_log.js
2019-05-08 17:09:21,607 INFO 13204 [egg-schedule]: register schedule E:\workspace\demo\demo02\node_modules\egg-logrotator\app\schedule\rotate_by_file.js
2019-05-08 17:09:26,388 INFO 17888 [egg-schedule]: register schedule E:\workspace\demo\demo02\node_modules\egg-logrotator\app\schedule\clean_log.js
2019-05-08 17:09:26,388 INFO 17888 [egg-schedule]: register schedule E:\workspace\demo\demo02\node_modules\egg-logrotator\app\schedule\rotate_by_file.js
2019-05-08 17:11:07,703 INFO 19208 [egg-schedule]: register schedule E:\workspace\demo\demo02\node_modules\egg-logrotator\app\schedule\clean_log.js
2019-05-08 17:11:07,703 INFO 19208 [egg-schedule]: register schedule E:\workspace\demo\demo02\node_modules\egg-logrotator\app\schedule\rotate_by_file.js
2019-05-08 17:12:04,466 INFO 18296 [egg-schedule]: register schedule E:\workspace\demo\demo02\node_modules\egg-logrotator\app\schedule\clean_log.js
2019-05-08 17:12:04,466 INFO 18296 [egg-schedule]: register schedule E:\workspace\demo\demo02\node_modules\egg-logrotator\app\schedule\rotate_by_file.js
2019-05-08 17:20:37,413 INFO 14716 [egg-schedule]: register schedule E:\workspace\demo\demo02\node_modules\egg-logrotator\app\schedule\clean_log.js
2019-05-08 17:20:37,413 INFO 14716 [egg-schedule]: register schedule E:\workspace\demo\demo02\node_modules\egg-logrotator\app\schedule\rotate_by_file.js
2019-05-08 17:20:38,976 INFO 19148 [egg-schedule]: register schedule E:\workspace\demo\demo02\node_modules\egg-logrotator\app\schedule\clean_log.js
2019-05-08 17:20:38,976 INFO 19148 [egg-schedule]: register schedule E:\workspace\demo\demo02\node_modules\egg-logrotator\app\schedule\rotate_by_file.js
2019-05-08 17:21:26,318 INFO 19420 [egg-schedule]: register schedule E:\workspace\demo\demo02\node_modules\egg-logrotator\app\schedule\clean_log.js
2019-05-08 17:21:26,318 INFO 19420 [egg-schedule]: register schedule E:\workspace\demo\demo02\node_modules\egg-logrotator\app\schedule\rotate_by_file.js
2019-05-08 17:21:27,870 INFO 18436 [egg-schedule]: register schedule E:\workspace\demo\demo02\node_modules\egg-logrotator\app\schedule\clean_log.js
2019-05-08 17:21:27,870 INFO 18436 [egg-schedule]: register schedule E:\workspace\demo\demo02\node_modules\egg-logrotator\app\schedule\rotate_by_file.js
2019-05-08 17:23:45,502 INFO 19288 [egg-schedule]: register schedule E:\workspace\demo\demo02\node_modules\egg-logrotator\app\schedule\clean_log.js
2019-05-08 17:23:45,502 INFO 19288 [egg-schedule]: register schedule E:\workspace\demo\demo02\node_modules\egg-logrotator\app\schedule\rotate_by_file.js
2019-05-08 17:24:38,105 INFO 13888 [egg-schedule]: register schedule E:\workspace\demo\demo02\node_modules\egg-logrotator\app\schedule\clean_log.js
2019-05-08 17:24:38,105 INFO 13888 [egg-schedule]: register schedule E:\workspace\demo\demo02\node_modules\egg-logrotator\app\schedule\rotate_by_file.js
2019-05-08 17:24:47,963 INFO 18292 [egg-schedule]: register schedule E:\workspace\demo\demo02\node_modules\egg-logrotator\app\schedule\clean_log.js
2019-05-08 17:24:47,963 INFO 18292 [egg-schedule]: register schedule E:\workspace\demo\demo02\node_modules\egg-logrotator\app\schedule\rotate_by_file.js
2019-05-08 17:26:18,716 INFO 4108 [egg-schedule]: register schedule E:\workspace\demo\demo02\node_modules\egg-logrotator\app\schedule\clean_log.js
2019-05-08 17:26:18,716 INFO 4108 [egg-schedule]: register schedule E:\workspace\demo\demo02\node_modules\egg-logrotator\app\schedule\rotate_by_file.js
2019-05-08 17:27:19,867 INFO 308 [egg-schedule]: register schedule E:\workspace\demo\demo02\node_modules\egg-logrotator\app\schedule\clean_log.js
2019-05-08 17:27:19,867 INFO 308 [egg-schedule]: register schedule E:\workspace\demo\demo02\node_modules\egg-logrotator\app\schedule\rotate_by_file.js
2019-05-08 17:28:11,868 INFO 17012 [egg-schedule]: register schedule E:\workspace\demo\demo02\node_modules\egg-logrotator\app\schedule\clean_log.js
2019-05-08 17:28:11,868 INFO 17012 [egg-schedule]: register schedule E:\workspace\demo\demo02\node_modules\egg-logrotator\app\schedule\rotate_by_file.js
2019-05-08 17:29:00,199 INFO 18604 [egg-schedule]: register schedule E:\workspace\demo\demo02\node_modules\egg-logrotator\app\schedule\clean_log.js
2019-05-08 17:29:00,199 INFO 18604 [egg-schedule]: register schedule E:\workspace\demo\demo02\node_modules\egg-logrotator\app\schedule\rotate_by_file.js
2019-05-08 17:31:45,092 INFO 19420 [egg-schedule]: register schedule E:\workspace\demo\demo02\node_modules\egg-logrotator\app\schedule\clean_log.js
2019-05-08 17:31:45,092 INFO 19420 [egg-schedule]: register schedule E:\workspace\demo\demo02\node_modules\egg-logrotator\app\schedule\rotate_by_file.js
2019-05-08 17:37:16,528 INFO 19872 [egg-schedule]: register schedule E:\workspace\demo\demo02\node_modules\egg-logrotator\app\schedule\clean_log.js
2019-05-08 17:37:16,528 INFO 19872 [egg-schedule]: register schedule E:\workspace\demo\demo02\node_modules\egg-logrotator\app\schedule\rotate_by_file.js
2019-05-08 17:38:06,494 INFO 19752 [egg-schedule]: register schedule E:\workspace\demo\demo02\node_modules\egg-logrotator\app\schedule\clean_log.js
2019-05-08 17:38:06,494 INFO 19752 [egg-schedule]: register schedule E:\workspace\demo\demo02\node_modules\egg-logrotator\app\schedule\rotate_by_file.js
2019-05-08 17:45:08,197 INFO 1040 [egg-schedule]: register schedule E:\workspace\demo\demo02\node_modules\egg-logrotator\app\schedule\clean_log.js
2019-05-08 17:45:08,197 INFO 1040 [egg-schedule]: register schedule E:\workspace\demo\demo02\node_modules\egg-logrotator\app\schedule\rotate_by_file.js
2019-05-08 17:46:01,434 INFO 20380 [egg-schedule]: register schedule E:\workspace\demo\demo02\node_modules\egg-logrotator\app\schedule\clean_log.js
2019-05-08 17:46:01,434 INFO 20380 [egg-schedule]: register schedule E:\workspace\demo\demo02\node_modules\egg-logrotator\app\schedule\rotate_by_file.js
2019-05-08 17:47:14,497 INFO 19916 [egg-schedule]: register schedule E:\workspace\demo\demo02\node_modules\egg-logrotator\app\schedule\clean_log.js
2019-05-08 17:47:14,497 INFO 19916 [egg-schedule]: register schedule E:\workspace\demo\demo02\node_modules\egg-logrotator\app\schedule\rotate_by_file.js
2019-05-08 17:48:04,596 INFO 20000 [egg-schedule]: register schedule E:\workspace\demo\demo02\node_modules\egg-logrotator\app\schedule\clean_log.js
2019-05-08 17:48:04,596 INFO 20000 [egg-schedule]: register schedule E:\workspace\demo\demo02\node_modules\egg-logrotator\app\schedule\rotate_by_file.js
2019-05-08 17:49:10,465 INFO 19608 [egg-schedule]: register schedule E:\workspace\demo\demo02\node_modules\egg-logrotator\app\schedule\clean_log.js
2019-05-08 17:49:10,465 INFO 19608 [egg-schedule]: register schedule E:\workspace\demo\demo02\node_modules\egg-logrotator\app\schedule\rotate_by_file.js
2019-05-08 17:49:13,114 INFO 8804 [egg-schedule]: register schedule E:\workspace\demo\demo02\node_modules\egg-logrotator\app\schedule\clean_log.js
2019-05-08 17:49:13,114 INFO 8804 [egg-schedule]: register schedule E:\workspace\demo\demo02\node_modules\egg-logrotator\app\schedule\rotate_by_file.js
2019-05-08 17:52:55,197 INFO 19460 [egg-schedule]: register schedule E:\workspace\demo\demo02\node_modules\egg-logrotator\app\schedule\clean_log.js
2019-05-08 17:52:55,197 INFO 19460 [egg-schedule]: register schedule E:\workspace\demo\demo02\node_modules\egg-logrotator\app\schedule\rotate_by_file.js
2019-05-08 17:54:41,387 INFO 18604 [egg-schedule]: register schedule E:\workspace\demo\demo02\node_modules\egg-logrotator\app\schedule\clean_log.js
2019-05-08 17:54:41,387 INFO 18604 [egg-schedule]: register schedule E:\workspace\demo\demo02\node_modules\egg-logrotator\app\schedule\rotate_by_file.js
2019-05-08 17:55:26,889 INFO 19968 [egg-schedule]: register schedule E:\workspace\demo\demo02\node_modules\egg-logrotator\app\schedule\clean_log.js
2019-05-08 17:55:26,889 INFO 19968 [egg-schedule]: register schedule E:\workspace\demo\demo02\node_modules\egg-logrotator\app\schedule\rotate_by_file.js
2019-05-08 17:56:31,212 INFO 15368 [egg-schedule]: register schedule E:\workspace\demo\demo02\node_modules\egg-logrotator\app\schedule\clean_log.js
2019-05-08 17:56:31,212 INFO 15368 [egg-schedule]: register schedule E:\workspace\demo\demo02\node_modules\egg-logrotator\app\schedule\rotate_by_file.js
2019-05-08 17:57:21,753 INFO 12832 [egg-schedule]: register schedule E:\workspace\demo\demo02\node_modules\egg-logrotator\app\schedule\clean_log.js
2019-05-08 17:57:21,753 INFO 12832 [egg-schedule]: register schedule E:\workspace\demo\demo02\node_modules\egg-logrotator\app\schedule\rotate_by_file.js
2019-05-08 17:58:03,422 INFO 19556 [egg-schedule]: register schedule E:\workspace\demo\demo02\node_modules\egg-logrotator\app\schedule\clean_log.js
2019-05-08 17:58:03,422 INFO 19556 [egg-schedule]: register schedule E:\workspace\demo\demo02\node_modules\egg-logrotator\app\schedule\rotate_by_file.js
2019-05-08 18:14:18,286 INFO 6560 [egg-schedule]: register schedule E:\workspace\demo\demo02\node_modules\egg-logrotator\app\schedule\clean_log.js
2019-05-08 18:14:18,286 INFO 6560 [egg-schedule]: register schedule E:\workspace\demo\demo02\node_modules\egg-logrotator\app\schedule\rotate_by_file.js
2019-05-08 18:14:26,090 INFO 21092 [egg-schedule]: register schedule E:\workspace\demo\demo02\node_modules\egg-logrotator\app\schedule\clean_log.js
2019-05-08 18:14:26,090 INFO 21092 [egg-schedule]: register schedule E:\workspace\demo\demo02\node_modules\egg-logrotator\app\schedule\rotate_by_file.js
2019-05-08 18:18:39,826 INFO 19092 [egg-schedule]: register schedule E:\workspace\demo\demo02\node_modules\egg-logrotator\app\schedule\clean_log.js
2019-05-08 18:18:39,826 INFO 19092 [egg-schedule]: register schedule E:\workspace\demo\demo02\node_modules\egg-logrotator\app\schedule\rotate_by_file.js
2019-05-08 18:20:23,837 INFO 19352 [egg-schedule]: register schedule E:\workspace\demo\demo02\node_modules\egg-logrotator\app\schedule\clean_log.js
2019-05-08 18:20:23,837 INFO 19352 [egg-schedule]: register schedule E:\workspace\demo\demo02\node_modules\egg-logrotator\app\schedule\rotate_by_file.js
2019-05-08 18:22:15,449 INFO 9992 [egg-schedule]: register schedule E:\workspace\demo\demo02\node_modules\egg-logrotator\app\schedule\clean_log.js
2019-05-08 18:22:15,449 INFO 9992 [egg-schedule]: register schedule E:\workspace\demo\demo02\node_modules\egg-logrotator\app\schedule\rotate_by_file.js
2019-05-08 18:22:16,991 INFO 21436 [egg-schedule]: register schedule E:\workspace\demo\demo02\node_modules\egg-logrotator\app\schedule\clean_log.js
2019-05-08 18:22:16,991 INFO 21436 [egg-schedule]: register schedule E:\workspace\demo\demo02\node_modules\egg-logrotator\app\schedule\rotate_by_file.js
2019-05-08 18:24:57,217 INFO 21144 [egg-schedule]: register schedule E:\workspace\demo\demo02\node_modules\egg-logrotator\app\schedule\clean_log.js
2019-05-08 18:24:57,217 INFO 21144 [egg-schedule]: register schedule E:\workspace\demo\demo02\node_modules\egg-logrotator\app\schedule\rotate_by_file.js
2019-05-08 18:30:06,273 INFO 18740 [egg-schedule]: register schedule E:\workspace\demo\demo02\node_modules\egg-logrotator\app\schedule\clean_log.js
2019-05-08 18:30:06,274 INFO 18740 [egg-schedule]: register schedule E:\workspace\demo\demo02\node_modules\egg-logrotator\app\schedule\rotate_by_file.js
2019-05-08 19:00:22,253 INFO 7140 [egg-schedule]: register schedule E:\workspace\demo\demo02\node_modules\egg-logrotator\app\schedule\clean_log.js
2019-05-08 19:00:22,253 INFO 7140 [egg-schedule]: register schedule E:\workspace\demo\demo02\node_modules\egg-logrotator\app\schedule\rotate_by_file.js
2019-05-08 19:00:23,880 INFO 19900 [egg-schedule]: register schedule E:\workspace\demo\demo02\node_modules\egg-logrotator\app\schedule\clean_log.js
2019-05-08 19:00:23,880 INFO 19900 [egg-schedule]: register schedule E:\workspace\demo\demo02\node_modules\egg-logrotator\app\schedule\rotate_by_file.js
2019-05-08 19:00:25,241 INFO 21300 [egg-schedule]: register schedule E:\workspace\demo\demo02\node_modules\egg-logrotator\app\schedule\clean_log.js
2019-05-08 19:00:25,241 INFO 21300 [egg-schedule]: register schedule E:\workspace\demo\demo02\node_modules\egg-logrotator\app\schedule\rotate_by_file.js
2019-05-08 20:43:55,877 INFO 19916 [egg-schedule]: register schedule E:\workspace\demo\demo02\node_modules\egg-logrotator\app\schedule\clean_log.js
2019-05-08 20:43:55,877 INFO 19916 [egg-schedule]: register schedule E:\workspace\demo\demo02\node_modules\egg-logrotator\app\schedule\rotate_by_file.js
2019-05-08 20:44:04,076 INFO 19504 [egg-schedule]: register schedule E:\workspace\demo\demo02\node_modules\egg-logrotator\app\schedule\clean_log.js
2019-05-08 20:44:04,076 INFO 19504 [egg-schedule]: register schedule E:\workspace\demo\demo02\node_modules\egg-logrotator\app\schedule\rotate_by_file.js
2019-05-08 20:44:05,270 INFO 9344 [Timer] E:\workspace\demo\demo02\node_modules\egg-logrotator\app\schedule\clean_log.js next time will execute after 11754795ms at 2019-05-09 00:00:00.065
2019-05-08 20:44:05,270 INFO 9344 [Timer] E:\workspace\demo\demo02\node_modules\egg-logrotator\app\schedule\rotate_by_file.js next time will execute after 11755730ms at 2019-05-09 00:00:01.000
2019-05-08 20:44:06,327 INFO 22164 [egg-schedule]: register schedule E:\workspace\demo\demo02\node_modules\egg-logrotator\app\schedule\clean_log.js
2019-05-08 20:44:06,327 INFO 22164 [egg-schedule]: register schedule E:\workspace\demo\demo02\node_modules\egg-logrotator\app\schedule\rotate_by_file.js
2019-05-08 20:45:38,614 INFO 10392 [egg-schedule]: register schedule E:\workspace\demo\demo02\node_modules\egg-logrotator\app\schedule\clean_log.js
2019-05-08 20:45:38,614 INFO 10392 [egg-schedule]: register schedule E:\workspace\demo\demo02\node_modules\egg-logrotator\app\schedule\rotate_by_file.js
2019-05-08 20:59:15,517 INFO 13080 [egg-schedule]: register schedule E:\workspace\demo\demo02\node_modules\egg-logrotator\app\schedule\clean_log.js
2019-05-08 20:59:15,517 INFO 13080 [egg-schedule]: register schedule E:\workspace\demo\demo02\node_modules\egg-logrotator\app\schedule\rotate_by_file.js
2019-05-08 20:59:18,218 INFO 23284 [egg-schedule]: register schedule E:\workspace\demo\demo02\node_modules\egg-logrotator\app\schedule\clean_log.js
2019-05-08 20:59:18,218 INFO 23284 [egg-schedule]: register schedule E:\workspace\demo\demo02\node_modules\egg-logrotator\app\schedule\rotate_by_file.js
2019-05-08 21:00:05,754 INFO 21740 [egg-schedule]: register schedule E:\workspace\demo\demo02\node_modules\egg-logrotator\app\schedule\clean_log.js
2019-05-08 21:00:05,754 INFO 21740 [egg-schedule]: register schedule E:\workspace\demo\demo02\node_modules\egg-logrotator\app\schedule\rotate_by_file.js
2019-05-09 10:53:36,111 INFO 8944 [egg-schedule]: register schedule E:\workspace\demo\demo02\node_modules\egg-logrotator\app\schedule\clean_log.js
2019-05-09 10:53:36,111 INFO 8944 [egg-schedule]: register schedule E:\workspace\demo\demo02\node_modules\egg-logrotator\app\schedule\rotate_by_file.js
2019-05-09 10:53:39,243 INFO 4988 [Timer] E:\workspace\demo\demo02\node_modules\egg-logrotator\app\schedule\clean_log.js next time will execute after 47180759ms at 2019-05-10 00:00:00.002
2019-05-09 10:53:39,243 INFO 4988 [Timer] E:\workspace\demo\demo02\node_modules\egg-logrotator\app\schedule\rotate_by_file.js next time will execute after 47181757ms at 2019-05-10 00:00:01.000
2019-05-09 10:55:32,237 INFO 15004 [egg-schedule]: register schedule E:\workspace\demo\demo02\node_modules\egg-logrotator\app\schedule\clean_log.js
2019-05-09 10:55:32,237 INFO 15004 [egg-schedule]: register schedule E:\workspace\demo\demo02\node_modules\egg-logrotator\app\schedule\rotate_by_file.js
2019-05-09 10:56:18,329 INFO 2472 [egg-schedule]: register schedule E:\workspace\demo\demo02\node_modules\egg-logrotator\app\schedule\clean_log.js
2019-05-09 10:56:18,329 INFO 2472 [egg-schedule]: register schedule E:\workspace\demo\demo02\node_modules\egg-logrotator\app\schedule\rotate_by_file.js
2019-05-09 10:56:35,604 INFO 10356 [egg-schedule]: register schedule E:\workspace\demo\demo02\node_modules\egg-logrotator\app\schedule\clean_log.js
2019-05-09 10:56:35,604 INFO 10356 [egg-schedule]: register schedule E:\workspace\demo\demo02\node_modules\egg-logrotator\app\schedule\rotate_by_file.js
2019-05-09 10:57:24,588 INFO 11796 [egg-schedule]: register schedule E:\workspace\demo\demo02\node_modules\egg-logrotator\app\schedule\clean_log.js
2019-05-09 10:57:24,589 INFO 11796 [egg-schedule]: register schedule E:\workspace\demo\demo02\node_modules\egg-logrotator\app\schedule\rotate_by_file.js
2019-05-09 11:03:24,860 INFO 14728 [egg-schedule]: register schedule E:\workspace\demo\demo02\node_modules\egg-logrotator\app\schedule\clean_log.js
2019-05-09 11:03:24,861 INFO 14728 [egg-schedule]: register schedule E:\workspace\demo\demo02\node_modules\egg-logrotator\app\schedule\rotate_by_file.js
2019-05-09 11:03:26,432 INFO 14820 [egg-schedule]: register schedule E:\workspace\demo\demo02\node_modules\egg-logrotator\app\schedule\clean_log.js
2019-05-09 11:03:26,432 INFO 14820 [egg-schedule]: register schedule E:\workspace\demo\demo02\node_modules\egg-logrotator\app\schedule\rotate_by_file.js
2019-05-09 11:03:28,300 INFO 2388 [egg-schedule]: register schedule E:\workspace\demo\demo02\node_modules\egg-logrotator\app\schedule\clean_log.js
2019-05-09 11:03:28,300 INFO 2388 [egg-schedule]: register schedule E:\workspace\demo\demo02\node_modules\egg-logrotator\app\schedule\rotate_by_file.js
2019-05-09 11:13:01,207 INFO 2784 [egg-schedule]: register schedule E:\workspace\demo\demo02\node_modules\egg-logrotator\app\schedule\clean_log.js
2019-05-09 11:13:01,207 INFO 2784 [egg-schedule]: register schedule E:\workspace\demo\demo02\node_modules\egg-logrotator\app\schedule\rotate_by_file.js
2019-05-09 11:17:49,919 INFO 13932 [egg-schedule]: register schedule E:\workspace\demo\demo02\node_modules\egg-logrotator\app\schedule\clean_log.js
2019-05-09 11:17:49,919 INFO 13932 [egg-schedule]: register schedule E:\workspace\demo\demo02\node_modules\egg-logrotator\app\schedule\rotate_by_file.js
2019-05-09 11:17:50,295 INFO 4308 [Timer] E:\workspace\demo\demo02\node_modules\egg-logrotator\app\schedule\clean_log.js next time will execute after 45729707ms at 2019-05-10 00:00:00.002
2019-05-09 11:17:50,295 INFO 4308 [Timer] E:\workspace\demo\demo02\node_modules\egg-logrotator\app\schedule\rotate_by_file.js next time will execute after 45730705ms at 2019-05-10 00:00:01.000
2019-05-09 11:22:59,763 INFO 14980 [egg-schedule]: register schedule E:\workspace\demo\demo02\node_modules\egg-logrotator\app\schedule\clean_log.js
2019-05-09 11:22:59,763 INFO 14980 [egg-schedule]: register schedule E:\workspace\demo\demo02\node_modules\egg-logrotator\app\schedule\rotate_by_file.js
2019-05-09 11:23:00,157 INFO 12676 [Timer] E:\workspace\demo\demo02\node_modules\egg-logrotator\app\schedule\clean_log.js next time will execute after 45419844ms at 2019-05-10 00:00:00.001
2019-05-09 11:23:00,158 INFO 12676 [Timer] E:\workspace\demo\demo02\node_modules\egg-logrotator\app\schedule\rotate_by_file.js next time will execute after 45420843ms at 2019-05-10 00:00:01.001
2019-05-09 12:18:00,701 INFO 3792 [egg-schedule]: register schedule e:\workspace\demo\demo02\node_modules\egg-logrotator\app\schedule\clean_log.js
2019-05-09 12:18:00,701 INFO 3792 [egg-schedule]: register schedule e:\workspace\demo\demo02\node_modules\egg-logrotator\app\schedule\rotate_by_file.js
2019-05-09 12:18:02,061 INFO 6308 [Timer] e:\workspace\demo\demo02\node_modules\egg-logrotator\app\schedule\clean_log.js next time will execute after 42117941ms at 2019-05-10 00:00:00.002
2019-05-09 12:18:02,062 INFO 6308 [Timer] e:\workspace\demo\demo02\node_modules\egg-logrotator\app\schedule\rotate_by_file.js next time will execute after 42118939ms at 2019-05-10 00:00:01.001
2019-05-09 12:18:03,134 INFO 16880 [egg-schedule]: register schedule e:\workspace\demo\demo02\node_modules\egg-logrotator\app\schedule\clean_log.js
2019-05-09 12:18:03,134 INFO 16880 [egg-schedule]: register schedule e:\workspace\demo\demo02\node_modules\egg-logrotator\app\schedule\rotate_by_file.js
2019-05-09 12:22:20,964 INFO 1564 [egg-schedule]: register schedule E:\workspace\demo\demo02\node_modules\egg-logrotator\app\schedule\clean_log.js
2019-05-09 12:22:20,964 INFO 1564 [egg-schedule]: register schedule E:\workspace\demo\demo02\node_modules\egg-logrotator\app\schedule\rotate_by_file.js
2019-05-09 12:22:21,352 INFO 12064 [Timer] E:\workspace\demo\demo02\node_modules\egg-logrotator\app\schedule\clean_log.js next time will execute after 41858650ms at 2019-05-10 00:00:00.002
2019-05-09 12:22:21,352 INFO 12064 [Timer] E:\workspace\demo\demo02\node_modules\egg-logrotator\app\schedule\rotate_by_file.js next time will execute after 41859648ms at 2019-05-10 00:00:01.000
2019-05-09 12:27:35,672 INFO 7260 [egg-schedule]: register schedule e:\workspace\demo\demo02\node_modules\egg-logrotator\app\schedule\clean_log.js
2019-05-09 12:27:35,672 INFO 7260 [egg-schedule]: register schedule e:\workspace\demo\demo02\node_modules\egg-logrotator\app\schedule\rotate_by_file.js
2019-05-09 12:27:36,061 INFO 11488 [Timer] e:\workspace\demo\demo02\node_modules\egg-logrotator\app\schedule\clean_log.js next time will execute after 41543941ms at 2019-05-10 00:00:00.002
2019-05-09 12:27:36,061 INFO 11488 [Timer] e:\workspace\demo\demo02\node_modules\egg-logrotator\app\schedule\rotate_by_file.js next time will execute after 41544939ms at 2019-05-10 00:00:01.000
2019-05-09 12:27:37,108 INFO 11164 [egg-schedule]: register schedule e:\workspace\demo\demo02\node_modules\egg-logrotator\app\schedule\clean_log.js
2019-05-09 12:27:37,108 INFO 11164 [egg-schedule]: register schedule e:\workspace\demo\demo02\node_modules\egg-logrotator\app\schedule\rotate_by_file.js
2019-05-09 12:27:37,141 INFO 13504 [egg-schedule]: register schedule E:\workspace\demo\demo02\node_modules\egg-logrotator\app\schedule\clean_log.js
2019-05-09 12:27:37,141 INFO 13504 [egg-schedule]: register schedule E:\workspace\demo\demo02\node_modules\egg-logrotator\app\schedule\rotate_by_file.js
2019-05-09 12:28:25,504 INFO 17740 [egg-schedule]: register schedule e:\workspace\demo\demo02\node_modules\egg-logrotator\app\schedule\clean_log.js
2019-05-09 12:28:25,504 INFO 17740 [egg-schedule]: register schedule e:\workspace\demo\demo02\node_modules\egg-logrotator\app\schedule\rotate_by_file.js
2019-05-09 12:28:25,886 INFO 18296 [Timer] e:\workspace\demo\demo02\node_modules\egg-logrotator\app\schedule\clean_log.js next time will execute after 41494116ms at 2019-05-10 00:00:00.002
2019-05-09 12:28:25,887 INFO 18296 [Timer] e:\workspace\demo\demo02\node_modules\egg-logrotator\app\schedule\rotate_by_file.js next time will execute after 41495114ms at 2019-05-10 00:00:01.001
2019-05-09 12:28:48,919 INFO 3004 [egg-schedule]: register schedule e:\workspace\demo\demo02\node_modules\egg-logrotator\app\schedule\clean_log.js
2019-05-09 12:28:48,919 INFO 3004 [egg-schedule]: register schedule e:\workspace\demo\demo02\node_modules\egg-logrotator\app\schedule\rotate_by_file.js
2019-05-09 12:28:49,314 INFO 17576 [Timer] e:\workspace\demo\demo02\node_modules\egg-logrotator\app\schedule\clean_log.js next time will execute after 41470687ms at 2019-05-10 00:00:00.001
2019-05-09 12:28:49,315 INFO 17576 [Timer] e:\workspace\demo\demo02\node_modules\egg-logrotator\app\schedule\rotate_by_file.js next time will execute after 41471685ms at 2019-05-10 00:00:01.000
2019-05-09 12:30:17,687 INFO 9564 [egg-schedule]: register schedule e:\workspace\demo\demo02\node_modules\egg-logrotator\app\schedule\clean_log.js
2019-05-09 12:30:17,687 INFO 9564 [egg-schedule]: register schedule e:\workspace\demo\demo02\node_modules\egg-logrotator\app\schedule\rotate_by_file.js
2019-05-09 12:30:18,065 INFO 3708 [Timer] e:\workspace\demo\demo02\node_modules\egg-logrotator\app\schedule\clean_log.js next time will execute after 41381937ms at 2019-05-10 00:00:00.002
2019-05-09 12:30:18,065 INFO 3708 [Timer] e:\workspace\demo\demo02\node_modules\egg-logrotator\app\schedule\rotate_by_file.js next time will execute after 41382935ms at 2019-05-10 00:00:01.000
2019-05-09 12:31:04,531 INFO 18092 [egg-schedule]: register schedule e:\workspace\demo\demo02\node_modules\egg-logrotator\app\schedule\clean_log.js
2019-05-09 12:31:04,531 INFO 18092 [egg-schedule]: register schedule e:\workspace\demo\demo02\node_modules\egg-logrotator\app\schedule\rotate_by_file.js
2019-05-09 12:31:04,911 INFO 992 [Timer] e:\workspace\demo\demo02\node_modules\egg-logrotator\app\schedule\clean_log.js next time will execute after 41335091ms at 2019-05-10 00:00:00.002
2019-05-09 12:31:04,911 INFO 992 [Timer] e:\workspace\demo\demo02\node_modules\egg-logrotator\app\schedule\rotate_by_file.js next time will execute after 41336089ms at 2019-05-10 00:00:01.000
2019-05-09 12:40:05,417 INFO 13852 [egg-schedule]: register schedule E:\workspace\demo\demo02\node_modules\egg-logrotator\app\schedule\clean_log.js
2019-05-09 12:40:05,417 INFO 13852 [egg-schedule]: register schedule E:\workspace\demo\demo02\node_modules\egg-logrotator\app\schedule\rotate_by_file.js
2019-05-09 12:50:17,943 INFO 3264 [egg-schedule]: register schedule E:\workspace\demo\demo02\node_modules\egg-logrotator\app\schedule\clean_log.js
2019-05-09 12:50:17,943 INFO 3264 [egg-schedule]: register schedule E:\workspace\demo\demo02\node_modules\egg-logrotator\app\schedule\rotate_by_file.js
2019-05-09 14:10:15,593 INFO 14380 [egg-schedule]: register schedule E:\workspace\demo\demo02\node_modules\egg-logrotator\app\schedule\clean_log.js
2019-05-09 14:10:15,593 INFO 14380 [egg-schedule]: register schedule E:\workspace\demo\demo02\node_modules\egg-logrotator\app\schedule\rotate_by_file.js
2019-05-09 14:10:22,692 INFO 5116 [Timer] E:\workspace\demo\demo02\node_modules\egg-logrotator\app\schedule\clean_log.js next time will execute after 35377310ms at 2019-05-10 00:00:00.002
2019-05-09 14:10:22,692 INFO 5116 [Timer] E:\workspace\demo\demo02\node_modules\egg-logrotator\app\schedule\rotate_by_file.js next time will execute after 35378308ms at 2019-05-10 00:00:01.000
2019-05-09 14:10:22,817 INFO 18148 [egg-schedule]: register schedule E:\workspace\demo\demo02\node_modules\egg-logrotator\app\schedule\clean_log.js
2019-05-09 14:10:22,817 INFO 18148 [egg-schedule]: register schedule E:\workspace\demo\demo02\node_modules\egg-logrotator\app\schedule\rotate_by_file.js
2019-05-09 14:10:24,320 INFO 18412 [egg-schedule]: register schedule E:\workspace\demo\demo02\node_modules\egg-logrotator\app\schedule\clean_log.js
2019-05-09 14:10:24,320 INFO 18412 [egg-schedule]: register schedule E:\workspace\demo\demo02\node_modules\egg-logrotator\app\schedule\rotate_by_file.js
2019-05-09 14:12:13,414 INFO 5084 [egg-schedule]: register schedule E:\workspace\demo\demo02\node_modules\egg-logrotator\app\schedule\clean_log.js
2019-05-09 14:12:13,414 INFO 5084 [egg-schedule]: register schedule E:\workspace\demo\demo02\node_modules\egg-logrotator\app\schedule\rotate_by_file.js
2019-05-09 14:18:28,726 INFO 1088 [egg-schedule]: register schedule E:\workspace\demo\demo02\node_modules\egg-logrotator\app\schedule\clean_log.js
2019-05-09 14:18:28,726 INFO 1088 [egg-schedule]: register schedule E:\workspace\demo\demo02\node_modules\egg-logrotator\app\schedule\rotate_by_file.js
2019-05-09 14:21:51,278 INFO 7920 [egg-schedule]: register schedule E:\workspace\demo\demo02\node_modules\egg-logrotator\app\schedule\clean_log.js
2019-05-09 14:21:51,278 INFO 7920 [egg-schedule]: register schedule E:\workspace\demo\demo02\node_modules\egg-logrotator\app\schedule\rotate_by_file.js
2019-05-09 14:22:41,535 INFO 19936 [egg-schedule]: register schedule E:\workspace\demo\demo02\node_modules\egg-logrotator\app\schedule\clean_log.js
2019-05-09 14:22:41,535 INFO 19936 [egg-schedule]: register schedule E:\workspace\demo\demo02\node_modules\egg-logrotator\app\schedule\rotate_by_file.js
2019-05-09 14:28:15,987 INFO 17648 [egg-schedule]: register schedule E:\workspace\demo\demo02\node_modules\egg-logrotator\app\schedule\clean_log.js
2019-05-09 14:28:15,987 INFO 17648 [egg-schedule]: register schedule E:\workspace\demo\demo02\node_modules\egg-logrotator\app\schedule\rotate_by_file.js
2019-05-09 14:29:00,381 INFO 19508 [egg-schedule]: register schedule E:\workspace\demo\demo02\node_modules\egg-logrotator\app\schedule\clean_log.js
2019-05-09 14:29:00,381 INFO 19508 [egg-schedule]: register schedule E:\workspace\demo\demo02\node_modules\egg-logrotator\app\schedule\rotate_by_file.js
2019-05-09 14:29:26,713 INFO 20448 [egg-schedule]: register schedule E:\workspace\demo\demo02\node_modules\egg-logrotator\app\schedule\clean_log.js
2019-05-09 14:29:26,713 INFO 20448 [egg-schedule]: register schedule E:\workspace\demo\demo02\node_modules\egg-logrotator\app\schedule\rotate_by_file.js
2019-05-09 14:30:16,970 INFO 16876 [egg-schedule]: register schedule E:\workspace\demo\demo02\node_modules\egg-logrotator\app\schedule\clean_log.js
2019-05-09 14:30:16,970 INFO 16876 [egg-schedule]: register schedule E:\workspace\demo\demo02\node_modules\egg-logrotator\app\schedule\rotate_by_file.js
2019-05-09 14:31:13,475 INFO 17480 [egg-schedule]: register schedule E:\workspace\demo\demo02\node_modules\egg-logrotator\app\schedule\clean_log.js
2019-05-09 14:31:13,475 INFO 17480 [egg-schedule]: register schedule E:\workspace\demo\demo02\node_modules\egg-logrotator\app\schedule\rotate_by_file.js
2019-05-09 14:31:18,571 INFO 8228 [egg-schedule]: register schedule E:\workspace\demo\demo02\node_modules\egg-logrotator\app\schedule\clean_log.js
2019-05-09 14:31:18,572 INFO 8228 [egg-schedule]: register schedule E:\workspace\demo\demo02\node_modules\egg-logrotator\app\schedule\rotate_by_file.js
2019-05-09 14:39:07,086 INFO 12716 [egg-schedule]: register schedule E:\workspace\demo\demo02\node_modules\egg-logrotator\app\schedule\clean_log.js
2019-05-09 14:39:07,086 INFO 12716 [egg-schedule]: register schedule E:\workspace\demo\demo02\node_modules\egg-logrotator\app\schedule\rotate_by_file.js
2019-05-09 14:39:30,453 INFO 19172 [egg-schedule]: register schedule E:\workspace\demo\demo02\node_modules\egg-logrotator\app\schedule\clean_log.js
2019-05-09 14:39:30,453 INFO 19172 [egg-schedule]: register schedule E:\workspace\demo\demo02\node_modules\egg-logrotator\app\schedule\rotate_by_file.js
2019-05-09 14:42:15,306 INFO 17284 [egg-schedule]: register schedule E:\workspace\demo\demo02\node_modules\egg-logrotator\app\schedule\clean_log.js
2019-05-09 14:42:15,306 INFO 17284 [egg-schedule]: register schedule E:\workspace\demo\demo02\node_modules\egg-logrotator\app\schedule\rotate_by_file.js
2019-05-09 14:46:50,853 INFO 19200 [egg-schedule]: register schedule E:\workspace\demo\demo02\node_modules\egg-logrotator\app\schedule\clean_log.js
2019-05-09 14:46:50,853 INFO 19200 [egg-schedule]: register schedule E:\workspace\demo\demo02\node_modules\egg-logrotator\app\schedule\rotate_by_file.js
2019-05-09 14:48:36,006 INFO 3724 [egg-schedule]: register schedule E:\workspace\demo\demo02\node_modules\egg-logrotator\app\schedule\clean_log.js
2019-05-09 14:48:36,006 INFO 3724 [egg-schedule]: register schedule E:\workspace\demo\demo02\node_modules\egg-logrotator\app\schedule\rotate_by_file.js
2019-05-09 14:48:45,565 INFO 17480 [egg-schedule]: register schedule E:\workspace\demo\demo02\node_modules\egg-logrotator\app\schedule\clean_log.js
2019-05-09 14:48:45,565 INFO 17480 [egg-schedule]: register schedule E:\workspace\demo\demo02\node_modules\egg-logrotator\app\schedule\rotate_by_file.js
2019-05-09 15:11:38,209 INFO 11452 [egg-schedule]: register schedule E:\workspace\demo\demo02\node_modules\egg-logrotator\app\schedule\clean_log.js
2019-05-09 15:11:38,209 INFO 11452 [egg-schedule]: register schedule E:\workspace\demo\demo02\node_modules\egg-logrotator\app\schedule\rotate_by_file.js
2019-05-09 15:11:41,625 INFO 5152 [egg-schedule]: register schedule E:\workspace\demo\demo02\node_modules\egg-logrotator\app\schedule\clean_log.js
2019-05-09 15:11:41,625 INFO 5152 [egg-schedule]: register schedule E:\workspace\demo\demo02\node_modules\egg-logrotator\app\schedule\rotate_by_file.js
2019-05-09 15:16:11,964 INFO 3724 [Timer] E:\workspace\demo\demo02\node_modules\egg-logrotator\app\schedule\clean_log.js next time will execute after 31428038ms at 2019-05-10 00:00:00.002
2019-05-09 15:16:11,964 INFO 3724 [Timer] E:\workspace\demo\demo02\node_modules\egg-logrotator\app\schedule\rotate_by_file.js next time will execute after 31429036ms at 2019-05-10 00:00:01.000
2019-05-09 15:16:11,494 INFO 17756 [egg-schedule]: register schedule E:\workspace\demo\demo02\node_modules\egg-logrotator\app\schedule\clean_log.js
2019-05-09 15:16:11,494 INFO 17756 [egg-schedule]: register schedule E:\workspace\demo\demo02\node_modules\egg-logrotator\app\schedule\rotate_by_file.js
2019-05-09 15:19:14,233 INFO 17664 [egg-schedule]: register schedule E:\workspace\demo\demo02\node_modules\egg-logrotator\app\schedule\clean_log.js
2019-05-09 15:19:14,233 INFO 17664 [egg-schedule]: register schedule E:\workspace\demo\demo02\node_modules\egg-logrotator\app\schedule\rotate_by_file.js
2019-05-09 15:19:14,631 INFO 20384 [Timer] E:\workspace\demo\demo02\node_modules\egg-logrotator\app\schedule\clean_log.js next time will execute after 31245370ms at 2019-05-10 00:00:00.001
2019-05-09 15:19:14,631 INFO 20384 [Timer] E:\workspace\demo\demo02\node_modules\egg-logrotator\app\schedule\rotate_by_file.js next time will execute after 31246369ms at 2019-05-10 00:00:01.000
2019-05-09 15:23:56,042 INFO 15540 [Timer] E:\workspace\demo\demo02\node_modules\egg-logrotator\app\schedule\clean_log.js next time will execute after 30963960ms at 2019-05-10 00:00:00.002
2019-05-09 15:23:56,042 INFO 15540 [Timer] E:\workspace\demo\demo02\node_modules\egg-logrotator\app\schedule\rotate_by_file.js next time will execute after 30964958ms at 2019-05-10 00:00:01.000
2019-05-09 15:23:55,600 INFO 16080 [egg-schedule]: register schedule E:\workspace\demo\demo02\node_modules\egg-logrotator\app\schedule\clean_log.js
2019-05-09 15:23:55,600 INFO 16080 [egg-schedule]: register schedule E:\workspace\demo\demo02\node_modules\egg-logrotator\app\schedule\rotate_by_file.js
2019-05-09 15:40:01,502 INFO 18368 [egg-schedule]: register schedule E:\workspace\demo\demo02\node_modules\egg-logrotator\app\schedule\clean_log.js
2019-05-09 15:40:01,502 INFO 18368 [egg-schedule]: register schedule E:\workspace\demo\demo02\node_modules\egg-logrotator\app\schedule\rotate_by_file.js
2019-05-09 15:40:01,887 INFO 21172 [Timer] E:\workspace\demo\demo02\node_modules\egg-logrotator\app\schedule\clean_log.js next time will execute after 29998114ms at 2019-05-10 00:00:00.001
2019-05-09 15:40:01,888 INFO 21172 [Timer] E:\workspace\demo\demo02\node_modules\egg-logrotator\app\schedule\rotate_by_file.js next time will execute after 29999113ms at 2019-05-10 00:00:01.000
2019-05-09 15:44:31,038 INFO 17500 [egg-schedule]: register schedule E:\workspace\demo\demo02\node_modules\egg-logrotator\app\schedule\clean_log.js
2019-05-09 15:44:31,038 INFO 17500 [egg-schedule]: register schedule E:\workspace\demo\demo02\node_modules\egg-logrotator\app\schedule\rotate_by_file.js
2019-05-09 15:45:34,839 INFO 18140 [egg-schedule]: register schedule E:\workspace\demo\demo02\node_modules\egg-logrotator\app\schedule\clean_log.js
2019-05-09 15:45:34,839 INFO 18140 [egg-schedule]: register schedule E:\workspace\demo\demo02\node_modules\egg-logrotator\app\schedule\rotate_by_file.js
2019-05-09 15:45:43,644 INFO 21444 [egg-schedule]: register schedule E:\workspace\demo\demo02\node_modules\egg-logrotator\app\schedule\clean_log.js
2019-05-09 15:45:43,644 INFO 21444 [egg-schedule]: register schedule E:\workspace\demo\demo02\node_modules\egg-logrotator\app\schedule\rotate_by_file.js
2019-05-09 15:46:37,978 INFO 7288 [egg-schedule]: register schedule E:\workspace\demo\demo02\node_modules\egg-logrotator\app\schedule\clean_log.js
2019-05-09 15:46:37,978 INFO 7288 [egg-schedule]: register schedule E:\workspace\demo\demo02\node_modules\egg-logrotator\app\schedule\rotate_by_file.js
2019-05-09 16:26:41,633 INFO 13072 [egg-schedule]: register schedule E:\workspace\demo\demo02\node_modules\egg-logrotator\app\schedule\clean_log.js
2019-05-09 16:26:41,633 INFO 13072 [egg-schedule]: register schedule E:\workspace\demo\demo02\node_modules\egg-logrotator\app\schedule\rotate_by_file.js
